#! /c/Source/iverilog-install/bin/vvp
:ivl_version "12.0 (devel)" "(s20150603-1539-g2693dd32b)";
:ivl_delay_selection "TYPICAL";
:vpi_time_precision + 0;
:vpi_module "C:\iverilog\lib\ivl\system.vpi";
:vpi_module "C:\iverilog\lib\ivl\vhdl_sys.vpi";
:vpi_module "C:\iverilog\lib\ivl\vhdl_textio.vpi";
:vpi_module "C:\iverilog\lib\ivl\v2005_math.vpi";
:vpi_module "C:\iverilog\lib\ivl\va_math.vpi";
S_000001f1a001bbd0 .scope module, "sample6_tb" "sample6_tb" 2 1;
 .timescale 0 0;
v000001f1a001d540_0 .var "A", 0 0;
v000001f1a0062920_0 .var "B", 0 0;
v000001f1a00629c0_0 .var "C", 0 0;
v000001f1a0062a60_0 .net "F", 0 0, v000001f1a0056310_0;  1 drivers
S_000001f1a001d1d0 .scope module, "uut" "sample_logic" 2 4, 3 1 0, S_000001f1a001bbd0;
 .timescale 0 0;
    .port_info 0 /OUTPUT 1 "F";
    .port_info 1 /INPUT 1 "A";
    .port_info 2 /INPUT 1 "B";
    .port_info 3 /INPUT 1 "C";
v000001f1a0033100_0 .net "A", 0 0, v000001f1a001d540_0;  1 drivers
v000001f1a0032bf0_0 .net "B", 0 0, v000001f1a0062920_0;  1 drivers
v000001f1a001bd60_0 .net "C", 0 0, v000001f1a00629c0_0;  1 drivers
v000001f1a0056310_0 .var "F", 0 0;
v000001f1a001d360_0 .var "H", 0 0;
v000001f1a001d400_0 .var "I", 0 0;
v000001f1a001d4a0_0 .var "J", 0 0;
E_000001f1a0019aa0 .event anyedge, v000001f1a001bd60_0, v000001f1a0032bf0_0, v000001f1a0033100_0;
    .scope S_000001f1a001d1d0;
T_0 ;
    %wait E_000001f1a0019aa0;
    %load/vec4 v000001f1a0033100_0;
    %inv;
    %load/vec4 v000001f1a001bd60_0;
    %inv;
    %and;
    %cmpi/e 1, 0, 1;
    %jmp/0xz  T_0.0, 4;
    %pushi/vec4 1, 0, 1;
    %store/vec4 v000001f1a001d360_0, 0, 1;
    %jmp T_0.1;
T_0.0 ;
    %load/vec4 v000001f1a0033100_0;
    %load/vec4 v000001f1a001d360_0;
    %inv;
    %and;
    %load/vec4 v000001f1a0032bf0_0;
    %inv;
    %and;
    %cmpi/e 1, 0, 1;
    %jmp/0xz  T_0.2, 4;
    %pushi/vec4 1, 0, 1;
    %store/vec4 v000001f1a001d400_0, 0, 1;
    %jmp T_0.3;
T_0.2 ;
    %load/vec4 v000001f1a0033100_0;
    %load/vec4 v000001f1a0032bf0_0;
    %and;
    %load/vec4 v000001f1a001bd60_0;
    %and;
    %cmpi/e 1, 0, 1;
    %jmp/0xz  T_0.4, 4;
    %pushi/vec4 1, 0, 1;
    %store/vec4 v000001f1a001d4a0_0, 0, 1;
    %jmp T_0.5;
T_0.4 ;
    %pushi/vec4 0, 0, 1;
    %store/vec4 v000001f1a001d360_0, 0, 1;
    %pushi/vec4 0, 0, 1;
    %store/vec4 v000001f1a001d400_0, 0, 1;
    %pushi/vec4 0, 0, 1;
    %store/vec4 v000001f1a001d4a0_0, 0, 1;
T_0.5 ;
T_0.3 ;
T_0.1 ;
    %load/vec4 v000001f1a001d400_0;
    %load/vec4 v000001f1a001d4a0_0;
    %or;
    %cmpi/e 1, 0, 1;
    %jmp/0xz  T_0.6, 4;
    %pushi/vec4 1, 0, 1;
    %store/vec4 v000001f1a0056310_0, 0, 1;
    %jmp T_0.7;
T_0.6 ;
    %pushi/vec4 0, 0, 1;
    %store/vec4 v000001f1a0056310_0, 0, 1;
T_0.7 ;
    %jmp T_0;
    .thread T_0, $push;
    .scope S_000001f1a001bbd0;
T_1 ;
    %pushi/vec4 0, 0, 1;
    %store/vec4 v000001f1a001d540_0, 0, 1;
    %pushi/vec4 0, 0, 1;
    %store/vec4 v000001f1a0062920_0, 0, 1;
    %pushi/vec4 0, 0, 1;
    %store/vec4 v000001f1a00629c0_0, 0, 1;
    %delay 1, 0;
    %pushi/vec4 0, 0, 1;
    %store/vec4 v000001f1a001d540_0, 0, 1;
    %pushi/vec4 0, 0, 1;
    %store/vec4 v000001f1a0062920_0, 0, 1;
    %pushi/vec4 1, 0, 1;
    %store/vec4 v000001f1a00629c0_0, 0, 1;
    %delay 1, 0;
    %pushi/vec4 0, 0, 1;
    %store/vec4 v000001f1a001d540_0, 0, 1;
    %pushi/vec4 1, 0, 1;
    %store/vec4 v000001f1a0062920_0, 0, 1;
    %pushi/vec4 0, 0, 1;
    %store/vec4 v000001f1a00629c0_0, 0, 1;
    %delay 1, 0;
    %pushi/vec4 0, 0, 1;
    %store/vec4 v000001f1a001d540_0, 0, 1;
    %pushi/vec4 1, 0, 1;
    %store/vec4 v000001f1a0062920_0, 0, 1;
    %pushi/vec4 1, 0, 1;
    %store/vec4 v000001f1a00629c0_0, 0, 1;
    %delay 1, 0;
    %pushi/vec4 1, 0, 1;
    %store/vec4 v000001f1a001d540_0, 0, 1;
    %pushi/vec4 0, 0, 1;
    %store/vec4 v000001f1a0062920_0, 0, 1;
    %pushi/vec4 0, 0, 1;
    %store/vec4 v000001f1a00629c0_0, 0, 1;
    %delay 1, 0;
    %pushi/vec4 1, 0, 1;
    %store/vec4 v000001f1a001d540_0, 0, 1;
    %pushi/vec4 0, 0, 1;
    %store/vec4 v000001f1a0062920_0, 0, 1;
    %pushi/vec4 1, 0, 1;
    %store/vec4 v000001f1a00629c0_0, 0, 1;
    %delay 1, 0;
    %pushi/vec4 1, 0, 1;
    %store/vec4 v000001f1a001d540_0, 0, 1;
    %pushi/vec4 1, 0, 1;
    %store/vec4 v000001f1a0062920_0, 0, 1;
    %pushi/vec4 0, 0, 1;
    %store/vec4 v000001f1a00629c0_0, 0, 1;
    %delay 1, 0;
    %pushi/vec4 1, 0, 1;
    %store/vec4 v000001f1a001d540_0, 0, 1;
    %pushi/vec4 1, 0, 1;
    %store/vec4 v000001f1a0062920_0, 0, 1;
    %pushi/vec4 1, 0, 1;
    %store/vec4 v000001f1a00629c0_0, 0, 1;
    %end;
    .thread T_1;
    .scope S_000001f1a001bbd0;
T_2 ;
    %vpi_call 2 16 "$monitor", "Time=%0t | A=%b B=%b C=%b | F=%b", $time, v000001f1a001d540_0, v000001f1a0062920_0, v000001f1a00629c0_0, v000001f1a0062a60_0 {0 0 0};
    %vpi_call 2 17 "$dumpfile", "sample6_tb.vcd" {0 0 0};
    %vpi_call 2 18 "$dumpvars", 32'sb00000000000000000000000000000000, S_000001f1a001bbd0 {0 0 0};
    %end;
    .thread T_2;
# The file index is used to find the file name in the following table.
:file_names 4;
    "N/A";
    "<interactive>";
    "sample6_tb.v";
    "sample6.v";
