#! /c/Source/iverilog-install/bin/vvp
:ivl_version "12.0 (devel)" "(s20150603-1539-g2693dd32b)";
:ivl_delay_selection "TYPICAL";
:vpi_time_precision + 0;
:vpi_module "C:\iverilog\lib\ivl\system.vpi";
:vpi_module "C:\iverilog\lib\ivl\vhdl_sys.vpi";
:vpi_module "C:\iverilog\lib\ivl\vhdl_textio.vpi";
:vpi_module "C:\iverilog\lib\ivl\v2005_math.vpi";
:vpi_module "C:\iverilog\lib\ivl\va_math.vpi";
S_000001b6b7cb6950 .scope module, "sample8_tb" "sample8_tb" 2 1;
 .timescale 0 0;
v000001b6b7cb6d10_0 .var "A", 0 0;
v000001b6b7c6bd70_0 .var "B", 0 0;
v000001b6b7c6be10_0 .var "C", 0 0;
v000001b6b7c6beb0_0 .net "F", 0 0, v000001b6b7cb6c70_0;  1 drivers
S_000001b6b7cb6ae0 .scope module, "uut" "sample8" 2 5, 3 1 0, S_000001b6b7cb6950;
 .timescale 0 0;
    .port_info 0 /OUTPUT 1 "F";
    .port_info 1 /INPUT 1 "A";
    .port_info 2 /INPUT 1 "B";
    .port_info 3 /INPUT 1 "C";
v000001b6b7c66e30_0 .net "A", 0 0, v000001b6b7cb6d10_0;  1 drivers
v000001b6b7c66b60_0 .net "B", 0 0, v000001b6b7c6bd70_0;  1 drivers
v000001b6b7c6ae50_0 .net "C", 0 0, v000001b6b7c6be10_0;  1 drivers
v000001b6b7cb6c70_0 .var "F", 0 0;
E_000001b6b7ca60b0 .event anyedge, v000001b6b7c66e30_0, v000001b6b7c66b60_0, v000001b6b7c6ae50_0;
    .scope S_000001b6b7cb6ae0;
T_0 ;
    %wait E_000001b6b7ca60b0;
    %load/vec4 v000001b6b7c66e30_0;
    %cmpi/e 0, 0, 1;
    %flag_get/vec4 4;
    %jmp/0 T_0.3, 4;
    %load/vec4 v000001b6b7c66b60_0;
    %pushi/vec4 0, 0, 1;
    %cmp/e;
    %flag_get/vec4 4;
    %and;
T_0.3;
    %flag_set/vec4 9;
    %flag_get/vec4 9;
    %jmp/0 T_0.2, 9;
    %load/vec4 v000001b6b7c6ae50_0;
    %pushi/vec4 0, 0, 1;
    %cmp/e;
    %flag_get/vec4 4;
    %and;
T_0.2;
    %flag_set/vec4 8;
    %jmp/0xz  T_0.0, 8;
    %pushi/vec4 1, 0, 1;
    %store/vec4 v000001b6b7cb6c70_0, 0, 1;
    %jmp T_0.1;
T_0.0 ;
    %load/vec4 v000001b6b7c66e30_0;
    %cmpi/e 0, 0, 1;
    %flag_get/vec4 4;
    %jmp/0 T_0.7, 4;
    %load/vec4 v000001b6b7c66b60_0;
    %pushi/vec4 1, 0, 1;
    %cmp/e;
    %flag_get/vec4 4;
    %and;
T_0.7;
    %flag_set/vec4 9;
    %flag_get/vec4 9;
    %jmp/0 T_0.6, 9;
    %load/vec4 v000001b6b7c6ae50_0;
    %pushi/vec4 0, 0, 1;
    %cmp/e;
    %flag_get/vec4 4;
    %and;
T_0.6;
    %flag_set/vec4 8;
    %jmp/0xz  T_0.4, 8;
    %pushi/vec4 1, 0, 1;
    %store/vec4 v000001b6b7cb6c70_0, 0, 1;
    %jmp T_0.5;
T_0.4 ;
    %load/vec4 v000001b6b7c66e30_0;
    %cmpi/e 1, 0, 1;
    %flag_get/vec4 4;
    %jmp/0 T_0.11, 4;
    %load/vec4 v000001b6b7c66b60_0;
    %pushi/vec4 1, 0, 1;
    %cmp/e;
    %flag_get/vec4 4;
    %and;
T_0.11;
    %flag_set/vec4 9;
    %flag_get/vec4 9;
    %jmp/0 T_0.10, 9;
    %load/vec4 v000001b6b7c6ae50_0;
    %pushi/vec4 0, 0, 1;
    %cmp/e;
    %flag_get/vec4 4;
    %and;
T_0.10;
    %flag_set/vec4 8;
    %jmp/0xz  T_0.8, 8;
    %pushi/vec4 1, 0, 1;
    %store/vec4 v000001b6b7cb6c70_0, 0, 1;
    %jmp T_0.9;
T_0.8 ;
    %pushi/vec4 0, 0, 1;
    %store/vec4 v000001b6b7cb6c70_0, 0, 1;
T_0.9 ;
T_0.5 ;
T_0.1 ;
    %jmp T_0;
    .thread T_0, $push;
    .scope S_000001b6b7cb6950;
T_1 ;
    %pushi/vec4 0, 0, 3;
    %split/vec4 1;
    %store/vec4 v000001b6b7c6be10_0, 0, 1;
    %split/vec4 1;
    %store/vec4 v000001b6b7c6bd70_0, 0, 1;
    %store/vec4 v000001b6b7cb6d10_0, 0, 1;
    %delay 10, 0;
    %pushi/vec4 1, 0, 3;
    %split/vec4 1;
    %store/vec4 v000001b6b7c6be10_0, 0, 1;
    %split/vec4 1;
    %store/vec4 v000001b6b7c6bd70_0, 0, 1;
    %store/vec4 v000001b6b7cb6d10_0, 0, 1;
    %delay 10, 0;
    %pushi/vec4 2, 0, 3;
    %split/vec4 1;
    %store/vec4 v000001b6b7c6be10_0, 0, 1;
    %split/vec4 1;
    %store/vec4 v000001b6b7c6bd70_0, 0, 1;
    %store/vec4 v000001b6b7cb6d10_0, 0, 1;
    %delay 10, 0;
    %pushi/vec4 3, 0, 3;
    %split/vec4 1;
    %store/vec4 v000001b6b7c6be10_0, 0, 1;
    %split/vec4 1;
    %store/vec4 v000001b6b7c6bd70_0, 0, 1;
    %store/vec4 v000001b6b7cb6d10_0, 0, 1;
    %delay 10, 0;
    %pushi/vec4 4, 0, 3;
    %split/vec4 1;
    %store/vec4 v000001b6b7c6be10_0, 0, 1;
    %split/vec4 1;
    %store/vec4 v000001b6b7c6bd70_0, 0, 1;
    %store/vec4 v000001b6b7cb6d10_0, 0, 1;
    %delay 10, 0;
    %pushi/vec4 5, 0, 3;
    %split/vec4 1;
    %store/vec4 v000001b6b7c6be10_0, 0, 1;
    %split/vec4 1;
    %store/vec4 v000001b6b7c6bd70_0, 0, 1;
    %store/vec4 v000001b6b7cb6d10_0, 0, 1;
    %delay 10, 0;
    %pushi/vec4 6, 0, 3;
    %split/vec4 1;
    %store/vec4 v000001b6b7c6be10_0, 0, 1;
    %split/vec4 1;
    %store/vec4 v000001b6b7c6bd70_0, 0, 1;
    %store/vec4 v000001b6b7cb6d10_0, 0, 1;
    %delay 10, 0;
    %pushi/vec4 7, 0, 3;
    %split/vec4 1;
    %store/vec4 v000001b6b7c6be10_0, 0, 1;
    %split/vec4 1;
    %store/vec4 v000001b6b7c6bd70_0, 0, 1;
    %store/vec4 v000001b6b7cb6d10_0, 0, 1;
    %delay 10, 0;
    %end;
    .thread T_1;
    .scope S_000001b6b7cb6950;
T_2 ;
    %vpi_call 2 24 "$monitor", "Time=%0t | A=%b B=%b C=%b | F=%b", $time, v000001b6b7cb6d10_0, v000001b6b7c6bd70_0, v000001b6b7c6be10_0, v000001b6b7c6beb0_0 {0 0 0};
    %vpi_call 2 25 "$dumpfile", "sample8_tb.vcd" {0 0 0};
    %vpi_call 2 26 "$dumpvars", 32'sb00000000000000000000000000000000, S_000001b6b7cb6950 {0 0 0};
    %end;
    .thread T_2;
# The file index is used to find the file name in the following table.
:file_names 4;
    "N/A";
    "<interactive>";
    "sample8_tb.v";
    "sample8.v";
