#! /c/Source/iverilog-install/bin/vvp
:ivl_version "12.0 (devel)" "(s20150603-1539-g2693dd32b)";
:ivl_delay_selection "TYPICAL";
:vpi_time_precision + 0;
:vpi_module "C:\iverilog\lib\ivl\system.vpi";
:vpi_module "C:\iverilog\lib\ivl\vhdl_sys.vpi";
:vpi_module "C:\iverilog\lib\ivl\vhdl_textio.vpi";
:vpi_module "C:\iverilog\lib\ivl\v2005_math.vpi";
:vpi_module "C:\iverilog\lib\ivl\va_math.vpi";
S_000002580144a760 .scope module, "problem2_tb" "problem2_tb" 2 1;
 .timescale 0 0;
v00000258014629d0_0 .var "A", 0 0;
v0000025801462a70_0 .net "AB", 0 0, L_0000025801448ff0;  1 drivers
v0000025801462b10_0 .net "AC", 0 0, L_00000258014492c0;  1 drivers
v0000025801462bb0_0 .var "B", 0 0;
v00000258014de820_0 .var "C", 0 0;
v00000258014de8c0_0 .net "X", 0 0, L_0000025801496110;  1 drivers
S_000002580144bbe0 .scope module, "dut" "problem2" 2 4, 3 1 0, S_000002580144a760;
 .timescale 0 0;
    .port_info 0 /OUTPUT 1 "X";
    .port_info 1 /OUTPUT 1 "AB";
    .port_info 2 /OUTPUT 1 "AC";
    .port_info 3 /INPUT 1 "A";
    .port_info 4 /INPUT 1 "B";
    .port_info 5 /INPUT 1 "C";
L_0000025801448ff0 .functor AND 1, v00000258014629d0_0, v0000025801462bb0_0, C4<1>, C4<1>;
L_00000258014492c0 .functor AND 1, v00000258014629d0_0, v00000258014de820_0, C4<1>, C4<1>;
L_0000025801496110 .functor OR 1, L_0000025801448ff0, L_00000258014492c0, C4<0>, C4<0>;
v000002580144a4c0_0 .net "A", 0 0, v00000258014629d0_0;  1 drivers
v0000025801449220_0 .net "AB", 0 0, L_0000025801448ff0;  alias, 1 drivers
v0000025801448f50_0 .net "AC", 0 0, L_00000258014492c0;  alias, 1 drivers
v00000258014627f0_0 .net "B", 0 0, v0000025801462bb0_0;  1 drivers
v0000025801462890_0 .net "C", 0 0, v00000258014de820_0;  1 drivers
v0000025801462930_0 .net "X", 0 0, L_0000025801496110;  alias, 1 drivers
    .scope S_000002580144a760;
T_0 ;
    %vpi_call 2 6 "$display", "A B C AB AC X" {0 0 0};
    %vpi_call 2 7 "$monitor", v00000258014629d0_0, " ", v0000025801462bb0_0, " ", v00000258014de820_0, " ", v0000025801462a70_0, " ", v0000025801462b10_0, " ", v00000258014de8c0_0 {0 0 0};
    %pushi/vec4 0, 0, 1;
    %store/vec4 v00000258014629d0_0, 0, 1;
    %pushi/vec4 0, 0, 1;
    %store/vec4 v0000025801462bb0_0, 0, 1;
    %pushi/vec4 0, 0, 1;
    %store/vec4 v00000258014de820_0, 0, 1;
    %delay 10, 0;
    %pushi/vec4 1, 0, 1;
    %store/vec4 v00000258014de820_0, 0, 1;
    %delay 10, 0;
    %pushi/vec4 1, 0, 1;
    %store/vec4 v0000025801462bb0_0, 0, 1;
    %pushi/vec4 0, 0, 1;
    %store/vec4 v00000258014de820_0, 0, 1;
    %delay 10, 0;
    %pushi/vec4 1, 0, 1;
    %store/vec4 v00000258014de820_0, 0, 1;
    %delay 10, 0;
    %pushi/vec4 1, 0, 1;
    %store/vec4 v00000258014629d0_0, 0, 1;
    %pushi/vec4 0, 0, 1;
    %store/vec4 v0000025801462bb0_0, 0, 1;
    %pushi/vec4 0, 0, 1;
    %store/vec4 v00000258014de820_0, 0, 1;
    %delay 10, 0;
    %pushi/vec4 1, 0, 1;
    %store/vec4 v00000258014de820_0, 0, 1;
    %delay 10, 0;
    %pushi/vec4 1, 0, 1;
    %store/vec4 v0000025801462bb0_0, 0, 1;
    %pushi/vec4 0, 0, 1;
    %store/vec4 v00000258014de820_0, 0, 1;
    %delay 10, 0;
    %pushi/vec4 1, 0, 1;
    %store/vec4 v00000258014de820_0, 0, 1;
    %end;
    .thread T_0;
# The file index is used to find the file name in the following table.
:file_names 4;
    "N/A";
    "<interactive>";
    "tapa_problem2_tb.v";
    "tapa_problem2.v";
